<?xml version="1.0" encoding="UTF-8"?>
<testsuite name="Test" tests="1" skipped="0" failures="0" errors="0" timestamp="2022-11-01T10:42:49" hostname="SaharanoMacBook-Pro.local" time="0.003">
  <properties/>
  <testcase name="testSolution" classname="Test" time="0.003"/>
  <system-out><![CDATA[]]></system-out>
  <system-err><![CDATA[]]></system-err>
</testsuite>
