<?xml version="1.0" encoding="UTF-8"?>
<testsuite name="TestLambdas" tests="2" skipped="0" failures="0" errors="0" timestamp="2022-11-03T05:06:48" hostname="SaharanoMacBook-Pro.local" time="0.023">
  <properties/>
  <testcase name="contains" classname="TestLambdas" time="0.022"/>
  <testcase name="notContains" classname="TestLambdas" time="0.001"/>
  <system-out><![CDATA[]]></system-out>
  <system-err><![CDATA[]]></system-err>
</testsuite>
